var arr1=[10,20,30,40,50]
undefined
var arr2=arr1
undefined
arr2.pop()
50
arr2
(4) [10, 20, 30, 40]
arr1
(4) [10, 20, 30, 40]
arr2=[...arr1]
(4) [10, 20, 30, 40]
arr2
(4) [10, 20, 30, 40]
arr2.pop()
40
arr2
(3) [10, 20, 30]
arr1
(4) [10, 20, 30, 40]
var obj1={name:'priya',lastname:'sharma'}
undefined
var obj2=obj1
undefined
obj2.xyz='xyz'
'xyz'
obj2
{name: 'priya', lastname: 'sharma', xyz: 'xyz'}
obj1
{name: 'priya', lastname: 'sharma', xyz: 'xyz'}
var obj2={...obj1}
undefined
obj2
{name: 'priya', lastname: 'sharma', xyz: 'xyz'}
obj2.name='neha'
'neha'
obj2
{name: 'neha', lastname: 'sharma', xyz: 'xyz'}
obj1
{name: 'priya', lastname: 'sharma', xyz: 'xyz'}
obj1
{name: 'priya', lastname: 'sharma', xyz: 'xyz'}
obj2
{name: 'neha', lastname: 'sharma', xyz: 'xyz'}
