var obj1={name:'priya',lastname:'sharma'}
undefined
var obj2={id:101,department:'IT',name:'ruchi'}
undefined
var obj3={...obj1,...obj2};
undefined
obj3
{name: 'ruchi', lastname: 'sharma', id: 101, department: 'IT'}department: "IT"id: 101lastname: "sharma"name: "ruchi"[[Prototype]]: Object
var obj4={obj1,obj2};
undefined
obj4
{obj1: {…}, obj2: {…}}obj1: {name: 'priya', lastname: 'sharma'}obj2: {id: 101, department: 'IT', name: 'ruchi'}[[Prototype]]: Object
var arr = [1, 2, 3,4,5,6];

undefined
var v= arr[0]
undefined
v
1
var [x,y]=arr
undefined
x
1
y
2
var [,x,,,y]=arr
undefined
x
2
y
5
obj1
{name: 'priya', lastname: 'sharma'}
obj1.name
'priya'
var n=obj1.name
undefined
n
'priya'
var {name,lastname}=obj1
undefined
name
'priya'
lastname
'sharma'
var dhoni={id:100,name:'ms-dhoni',100:20,50:30}
undefined
dhoni
{50: 30, 100: 20, id: 100, name: 'ms-dhoni'}
dhoni.50
VM608:1 Uncaught SyntaxError: Unexpected number
dhoni[50]
30
dhoni[100]
20
var num=100;
undefined
dhoni[num]
20
